<?xml version="1.0" encoding="UTF-8"?>
<coverage generated="1600308357">
  <project timestamp="1600308357">
    <file name="/mnt/3CA6FA93A6FA4D40/projects/backend/robosoft/paypayopa-sdk-php/src/Controllers/Refund.php">
      <class name="PayPay\OpenPaymentAPI\Controller\Refund" namespace="global">
        <metrics complexity="6" methods="3" coveredmethods="1" conditionals="0" coveredconditionals="0" statements="23" coveredstatements="20" elements="26" coveredelements="21"/>
      </class>
      <line num="17" type="method" name="__construct" visibility="public" complexity="1" crap="2" count="0"/>
      <line num="19" type="stmt" count="0"/>
      <line num="20" type="stmt" count="0"/>
      <line num="27" type="method" name="refundPayment" visibility="public" complexity="3" crap="3.00" count="1"/>
      <line num="29" type="stmt" count="1"/>
      <line num="30" type="stmt" count="0"/>
      <line num="32" type="stmt" count="1"/>
      <line num="33" type="stmt" count="1"/>
      <line num="34" type="stmt" count="1"/>
      <line num="35" type="stmt" count="1"/>
      <line num="36" type="stmt" count="1"/>
      <line num="37" type="stmt" count="1"/>
      <line num="38" type="stmt" count="1"/>
      <line num="39" type="stmt" count="1"/>
      <line num="40" type="stmt" count="1"/>
      <line num="42" type="stmt" count="1"/>
      <line num="43" type="stmt" count="1"/>
      <line num="51" type="method" name="getRefundDetails" visibility="public" complexity="2" crap="2" count="1"/>
      <line num="53" type="stmt" count="1"/>
      <line num="54" type="stmt" count="1"/>
      <line num="55" type="stmt" count="1"/>
      <line num="56" type="stmt" count="1"/>
      <line num="57" type="stmt" count="1"/>
      <line num="58" type="stmt" count="1"/>
      <line num="59" type="stmt" count="1"/>
      <line num="61" type="stmt" count="1"/>
      <metrics loc="63" ncloc="46" classes="1" methods="3" coveredmethods="1" conditionals="0" coveredconditionals="0" statements="23" coveredstatements="20" elements="26" coveredelements="21"/>
    </file>
    <file name="/mnt/3CA6FA93A6FA4D40/projects/backend/robosoft/paypayopa-sdk-php/src/Controllers/Code.php">
      <class name="PayPay\OpenPaymentAPI\Controller\Code" namespace="global">
        <metrics complexity="9" methods="4" coveredmethods="2" conditionals="0" coveredconditionals="0" statements="30" coveredstatements="26" elements="34" coveredelements="28"/>
      </class>
      <line num="17" type="method" name="__construct" visibility="public" complexity="1" crap="2" count="0"/>
      <line num="19" type="stmt" count="0"/>
      <line num="20" type="stmt" count="0"/>
      <line num="28" type="method" name="createQRCode" visibility="public" complexity="4" crap="4.06" count="3"/>
      <line num="30" type="stmt" count="3"/>
      <line num="31" type="stmt" count="0"/>
      <line num="33" type="stmt" count="3"/>
      <line num="34" type="stmt" count="3"/>
      <line num="35" type="stmt" count="3"/>
      <line num="36" type="stmt" count="3"/>
      <line num="37" type="stmt" count="3"/>
      <line num="38" type="stmt" count="3"/>
      <line num="39" type="stmt" count="3"/>
      <line num="41" type="stmt" count="3"/>
      <line num="43" type="stmt" count="3"/>
      <line num="44" type="stmt" count="3"/>
      <line num="46" type="stmt" count="0"/>
      <line num="53" type="method" name="getPaymentDetails" visibility="public" complexity="2" crap="2" count="2"/>
      <line num="55" type="stmt" count="2"/>
      <line num="56" type="stmt" count="2"/>
      <line num="57" type="stmt" count="2"/>
      <line num="58" type="stmt" count="2"/>
      <line num="59" type="stmt" count="2"/>
      <line num="60" type="stmt" count="2"/>
      <line num="61" type="stmt" count="2"/>
      <line num="63" type="stmt" count="2"/>
      <line num="73" type="method" name="deleteQRCode" visibility="public" complexity="2" crap="2" count="1"/>
      <line num="75" type="stmt" count="1"/>
      <line num="76" type="stmt" count="1"/>
      <line num="77" type="stmt" count="1"/>
      <line num="78" type="stmt" count="1"/>
      <line num="79" type="stmt" count="1"/>
      <line num="81" type="stmt" count="1"/>
      <line num="82" type="stmt" count="1"/>
      <metrics loc="84" ncloc="60" classes="1" methods="4" coveredmethods="2" conditionals="0" coveredconditionals="0" statements="30" coveredstatements="26" elements="34" coveredelements="28"/>
    </file>
    <file name="/mnt/3CA6FA93A6FA4D40/projects/backend/robosoft/paypayopa-sdk-php/src/Controllers/Wallet.php">
      <class name="PayPay\OpenPaymentAPI\Controller\Wallet" namespace="global">
        <metrics complexity="6" methods="2" coveredmethods="0" conditionals="0" coveredconditionals="0" statements="16" coveredstatements="11" elements="18" coveredelements="11"/>
      </class>
      <line num="16" type="method" name="__construct" visibility="public" complexity="1" crap="2" count="0"/>
      <line num="18" type="stmt" count="0"/>
      <line num="19" type="stmt" count="0"/>
      <line num="30" type="method" name="checkWalletBalance" visibility="public" complexity="5" crap="5.25" count="1"/>
      <line num="33" type="stmt" count="1"/>
      <line num="34" type="stmt" count="1"/>
      <line num="35" type="stmt" count="1"/>
      <line num="37" type="stmt" count="1"/>
      <line num="38" type="stmt" count="0"/>
      <line num="39" type="stmt" count="0"/>
      <line num="41" type="stmt" count="0"/>
      <line num="44" type="stmt" count="1"/>
      <line num="45" type="stmt" count="1"/>
      <line num="46" type="stmt" count="1"/>
      <line num="47" type="stmt" count="1"/>
      <line num="48" type="stmt" count="1"/>
      <line num="49" type="stmt" count="1"/>
      <line num="51" type="stmt" count="1"/>
      <metrics loc="53" ncloc="38" classes="1" methods="2" coveredmethods="0" conditionals="0" coveredconditionals="0" statements="16" coveredstatements="11" elements="18" coveredelements="11"/>
    </file>
    <file name="/mnt/3CA6FA93A6FA4D40/projects/backend/robosoft/paypayopa-sdk-php/src/Controllers/Payment.php">
      <class name="PayPay\OpenPaymentAPI\Controller\Payment" namespace="global">
        <metrics complexity="19" methods="9" coveredmethods="5" conditionals="0" coveredconditionals="0" statements="82" coveredstatements="77" elements="91" coveredelements="82"/>
      </class>
      <line num="25" type="method" name="__construct" visibility="public" complexity="1" crap="2" count="0"/>
      <line num="27" type="stmt" count="0"/>
      <line num="28" type="stmt" count="0"/>
      <line num="37" type="method" name="createPayment" visibility="public" complexity="3" crap="3.01" count="1"/>
      <line num="39" type="stmt" count="1"/>
      <line num="40" type="stmt" count="1"/>
      <line num="42" type="stmt" count="1"/>
      <line num="43" type="stmt" count="1"/>
      <line num="44" type="stmt" count="1"/>
      <line num="45" type="stmt" count="1"/>
      <line num="46" type="stmt" count="1"/>
      <line num="47" type="stmt" count="1"/>
      <line num="49" type="stmt" count="1"/>
      <line num="50" type="stmt" count="1"/>
      <line num="51" type="stmt" count="0"/>
      <line num="53" type="stmt" count="1"/>
      <line num="62" type="method" name="createContinuousPayment" visibility="public" complexity="3" crap="3.00" count="1"/>
      <line num="64" type="stmt" count="1"/>
      <line num="65" type="stmt" count="0"/>
      <line num="67" type="stmt" count="1"/>
      <line num="68" type="stmt" count="1"/>
      <line num="69" type="stmt" count="1"/>
      <line num="70" type="stmt" count="1"/>
      <line num="71" type="stmt" count="1"/>
      <line num="72" type="stmt" count="1"/>
      <line num="73" type="stmt" count="1"/>
      <line num="74" type="stmt" count="1"/>
      <line num="75" type="stmt" count="1"/>
      <line num="77" type="stmt" count="1"/>
      <line num="78" type="stmt" count="1"/>
      <line num="88" type="method" name="getPaymentDetails" visibility="public" complexity="2" crap="2" count="1"/>
      <line num="90" type="stmt" count="1"/>
      <line num="91" type="stmt" count="1"/>
      <line num="92" type="stmt" count="1"/>
      <line num="93" type="stmt" count="1"/>
      <line num="94" type="stmt" count="1"/>
      <line num="95" type="stmt" count="1"/>
      <line num="96" type="stmt" count="1"/>
      <line num="98" type="stmt" count="1"/>
      <line num="111" type="method" name="cancelPayment" visibility="public" complexity="2" crap="2" count="3"/>
      <line num="113" type="stmt" count="3"/>
      <line num="114" type="stmt" count="3"/>
      <line num="115" type="stmt" count="3"/>
      <line num="116" type="stmt" count="3"/>
      <line num="117" type="stmt" count="3"/>
      <line num="118" type="stmt" count="3"/>
      <line num="121" type="stmt" count="3"/>
      <line num="131" type="method" name="createPaymentAuth" visibility="public" complexity="3" crap="3.01" count="2"/>
      <line num="133" type="stmt" count="2"/>
      <line num="134" type="stmt" count="2"/>
      <line num="136" type="stmt" count="2"/>
      <line num="137" type="stmt" count="2"/>
      <line num="138" type="stmt" count="2"/>
      <line num="139" type="stmt" count="2"/>
      <line num="140" type="stmt" count="2"/>
      <line num="141" type="stmt" count="2"/>
      <line num="143" type="stmt" count="2"/>
      <line num="144" type="stmt" count="2"/>
      <line num="145" type="stmt" count="2"/>
      <line num="147" type="stmt" count="0"/>
      <line num="159" type="method" name="capturePaymentAuth" visibility="public" complexity="2" crap="2" count="1"/>
      <line num="161" type="stmt" count="1"/>
      <line num="162" type="stmt" count="1"/>
      <line num="163" type="stmt" count="1"/>
      <line num="164" type="stmt" count="1"/>
      <line num="165" type="stmt" count="1"/>
      <line num="166" type="stmt" count="1"/>
      <line num="167" type="stmt" count="1"/>
      <line num="168" type="stmt" count="1"/>
      <line num="169" type="stmt" count="1"/>
      <line num="171" type="stmt" count="1"/>
      <line num="172" type="stmt" count="1"/>
      <line num="184" type="method" name="revertAuth" visibility="public" complexity="2" crap="2" count="1"/>
      <line num="186" type="stmt" count="1"/>
      <line num="187" type="stmt" count="1"/>
      <line num="188" type="stmt" count="1"/>
      <line num="189" type="stmt" count="1"/>
      <line num="190" type="stmt" count="1"/>
      <line num="191" type="stmt" count="1"/>
      <line num="192" type="stmt" count="1"/>
      <line num="193" type="stmt" count="1"/>
      <line num="194" type="stmt" count="1"/>
      <line num="196" type="stmt" count="1"/>
      <line num="197" type="stmt" count="1"/>
      <line num="207" type="method" name="doSimilarTransactionCall" visibility="private" complexity="1" crap="1" count="2"/>
      <line num="208" type="stmt" count="2"/>
      <line num="209" type="stmt" count="2"/>
      <line num="211" type="stmt" count="2"/>
      <line num="212" type="stmt" count="2"/>
      <line num="214" type="stmt" count="2"/>
      <line num="217" type="stmt" count="2"/>
      <metrics loc="219" ncloc="152" classes="1" methods="9" coveredmethods="5" conditionals="0" coveredconditionals="0" statements="82" coveredstatements="77" elements="91" coveredelements="82"/>
    </file>
    <file name="/mnt/3CA6FA93A6FA4D40/projects/backend/robosoft/paypayopa-sdk-php/src/Controllers/User.php">
      <class name="PayPay\OpenPaymentAPI\Controller\User" namespace="global">
        <metrics complexity="16" methods="8" coveredmethods="1" conditionals="0" coveredconditionals="0" statements="51" coveredstatements="29" elements="59" coveredelements="30"/>
      </class>
      <line num="22" type="method" name="__construct" visibility="public" complexity="1" crap="2" count="0"/>
      <line num="24" type="stmt" count="0"/>
      <line num="25" type="stmt" count="0"/>
      <line num="34" type="method" name="setUserAuthorizationId" visibility="public" complexity="1" crap="2" count="0"/>
      <line num="36" type="stmt" count="0"/>
      <line num="37" type="stmt" count="0"/>
      <line num="45" type="method" name="unlinkUser" visibility="public" complexity="3" crap="3.01" count="1"/>
      <line num="47" type="stmt" count="1"/>
      <line num="48" type="stmt" count="0"/>
      <line num="50" type="stmt" count="1"/>
      <line num="51" type="stmt" count="1"/>
      <line num="52" type="stmt" count="1"/>
      <line num="53" type="stmt" count="1"/>
      <line num="54" type="stmt" count="1"/>
      <line num="55" type="stmt" count="1"/>
      <line num="57" type="stmt" count="1"/>
      <line num="66" type="method" name="createAccountLinkQrCode" visibility="public" complexity="3" crap="12" count="0"/>
      <line num="68" type="stmt" count="0"/>
      <line num="69" type="stmt" count="0"/>
      <line num="70" type="stmt" count="0"/>
      <line num="71" type="stmt" count="0"/>
      <line num="72" type="stmt" count="0"/>
      <line num="73" type="stmt" count="0"/>
      <line num="74" type="stmt" count="0"/>
      <line num="75" type="stmt" count="0"/>
      <line num="78" type="stmt" count="0"/>
      <line num="79" type="stmt" count="0"/>
      <line num="80" type="stmt" count="0"/>
      <line num="82" type="stmt" count="0"/>
      <line num="89" type="method" name="decodeUserAuth" visibility="public" complexity="1" crap="2" count="0"/>
      <line num="91" type="stmt" count="0"/>
      <line num="92" type="stmt" count="0"/>
      <line num="93" type="stmt" count="0"/>
      <line num="101" type="method" name="getUserAuthorizationStatus" visibility="public" complexity="3" crap="3.01" count="1"/>
      <line num="103" type="stmt" count="1"/>
      <line num="104" type="stmt" count="0"/>
      <line num="106" type="stmt" count="1"/>
      <line num="107" type="stmt" count="1"/>
      <line num="108" type="stmt" count="1"/>
      <line num="109" type="stmt" count="1"/>
      <line num="110" type="stmt" count="1"/>
      <line num="111" type="stmt" count="1"/>
      <line num="113" type="stmt" count="1"/>
      <line num="122" type="method" name="getMaskedUserProfile" visibility="public" complexity="3" crap="3.01" count="1"/>
      <line num="124" type="stmt" count="1"/>
      <line num="125" type="stmt" count="0"/>
      <line num="127" type="stmt" count="1"/>
      <line num="128" type="stmt" count="1"/>
      <line num="129" type="stmt" count="1"/>
      <line num="130" type="stmt" count="1"/>
      <line num="131" type="stmt" count="1"/>
      <line num="132" type="stmt" count="1"/>
      <line num="134" type="stmt" count="1"/>
      <line num="144" type="method" name="doAuthCall" visibility="private" complexity="1" crap="1" count="2"/>
      <line num="145" type="stmt" count="2"/>
      <line num="146" type="stmt" count="2"/>
      <line num="148" type="stmt" count="2"/>
      <line num="149" type="stmt" count="2"/>
      <line num="152" type="stmt" count="2"/>
      <metrics loc="154" ncloc="99" classes="1" methods="8" coveredmethods="1" conditionals="0" coveredconditionals="0" statements="51" coveredstatements="29" elements="59" coveredelements="30"/>
    </file>
    <file name="/mnt/3CA6FA93A6FA4D40/projects/backend/robosoft/paypayopa-sdk-php/src/Models/CreateContinuousPaymentPayload.php">
      <class name="PayPay\OpenPaymentAPI\Models\CreateContinuousPaymentPayload" namespace="global">
        <metrics complexity="1" methods="1" coveredmethods="1" conditionals="0" coveredconditionals="0" statements="5" coveredstatements="5" elements="6" coveredelements="6"/>
      </class>
      <line num="10" type="method" name="__construct" visibility="public" complexity="1" crap="1" count="1"/>
      <line num="12" type="stmt" count="1"/>
      <line num="13" type="stmt" count="1"/>
      <line num="14" type="stmt" count="1"/>
      <line num="15" type="stmt" count="1"/>
      <line num="16" type="stmt" count="1"/>
      <metrics loc="18" ncloc="18" classes="1" methods="1" coveredmethods="1" conditionals="0" coveredconditionals="0" statements="5" coveredstatements="5" elements="6" coveredelements="6"/>
    </file>
    <file name="/mnt/3CA6FA93A6FA4D40/projects/backend/robosoft/paypayopa-sdk-php/src/Models/CreatePaymentAuthPayload.php">
      <class name="PayPay\OpenPaymentAPI\Models\CreatePaymentAuthPayload" namespace="global">
        <metrics complexity="4" methods="3" coveredmethods="1" conditionals="0" coveredconditionals="0" statements="9" coveredstatements="5" elements="12" coveredelements="6"/>
      </class>
      <line num="18" type="method" name="__construct" visibility="public" complexity="1" crap="1" count="2"/>
      <line num="20" type="stmt" count="2"/>
      <line num="21" type="stmt" count="2"/>
      <line num="22" type="stmt" count="2"/>
      <line num="23" type="stmt" count="2"/>
      <line num="25" type="stmt" count="2"/>
      <line num="33" type="method" name="getExpiresAt" visibility="public" complexity="1" crap="2" count="0"/>
      <line num="35" type="stmt" count="0"/>
      <line num="43" type="method" name="setExpiresAt" visibility="public" complexity="2" crap="6" count="0"/>
      <line num="45" type="stmt" count="0"/>
      <line num="47" type="stmt" count="0"/>
      <line num="49" type="stmt" count="0"/>
      <metrics loc="53" ncloc="39" classes="1" methods="3" coveredmethods="1" conditionals="0" coveredconditionals="0" statements="9" coveredstatements="5" elements="12" coveredelements="6"/>
    </file>
    <file name="/mnt/3CA6FA93A6FA4D40/projects/backend/robosoft/paypayopa-sdk-php/src/Models/CapturePaymentAuthPayload.php">
      <class name="PayPay\OpenPaymentAPI\Models\CapturePaymentAuthPayload" namespace="global">
        <metrics complexity="14" methods="11" coveredmethods="5" conditionals="0" coveredconditionals="0" statements="24" coveredstatements="18" elements="35" coveredelements="23"/>
      </class>
      <line num="41" type="method" name="__construct" visibility="public" complexity="1" crap="1" count="1"/>
      <line num="43" type="stmt" count="1"/>
      <line num="44" type="stmt" count="1"/>
      <line num="45" type="stmt" count="1"/>
      <line num="46" type="stmt" count="1"/>
      <line num="47" type="stmt" count="1"/>
      <line num="48" type="stmt" count="1"/>
      <line num="54" type="method" name="getMerchantPaymentId" visibility="public" complexity="1" crap="2" count="0"/>
      <line num="56" type="stmt" count="0"/>
      <line num="64" type="method" name="setMerchantPaymentId" visibility="public" complexity="1" crap="1" count="1"/>
      <line num="66" type="stmt" count="1"/>
      <line num="68" type="stmt" count="1"/>
      <line num="75" type="method" name="getAmount" visibility="public" complexity="1" crap="2" count="0"/>
      <line num="77" type="stmt" count="0"/>
      <line num="85" type="method" name="setAmount" visibility="public" complexity="3" crap="3.14" count="1"/>
      <line num="87" type="stmt" count="1"/>
      <line num="88" type="stmt" count="0"/>
      <line num="91" type="stmt" count="1"/>
      <line num="93" type="stmt" count="1"/>
      <line num="100" type="method" name="getMerchantCaptureId" visibility="public" complexity="1" crap="2" count="0"/>
      <line num="102" type="stmt" count="0"/>
      <line num="110" type="method" name="setMerchantCaptureId" visibility="public" complexity="1" crap="1" count="1"/>
      <line num="112" type="stmt" count="1"/>
      <line num="114" type="stmt" count="1"/>
      <line num="121" type="method" name="getRequestedAt" visibility="public" complexity="1" crap="2" count="0"/>
      <line num="123" type="stmt" count="0"/>
      <line num="131" type="method" name="setRequestedAt" visibility="public" complexity="2" crap="2" count="1"/>
      <line num="133" type="stmt" count="1"/>
      <line num="135" type="stmt" count="1"/>
      <line num="136" type="stmt" count="1"/>
      <line num="143" type="method" name="getOrderDescription" visibility="public" complexity="1" crap="2" count="0"/>
      <line num="145" type="stmt" count="0"/>
      <line num="153" type="method" name="setOrderDescription" visibility="public" complexity="1" crap="1" count="1"/>
      <line num="155" type="stmt" count="1"/>
      <line num="157" type="stmt" count="1"/>
      <metrics loc="159" ncloc="89" classes="1" methods="11" coveredmethods="5" conditionals="0" coveredconditionals="0" statements="24" coveredstatements="18" elements="35" coveredelements="23"/>
    </file>
    <file name="/mnt/3CA6FA93A6FA4D40/projects/backend/robosoft/paypayopa-sdk-php/src/Models/OrderItem.php">
      <class name="PayPay\OpenPaymentAPI\Models\OrderItem" namespace="global">
        <metrics complexity="13" methods="11" coveredmethods="3" conditionals="0" coveredconditionals="0" statements="23" coveredstatements="11" elements="34" coveredelements="14"/>
      </class>
      <line num="39" type="method" name="__construct" visibility="public" complexity="1" crap="1" count="3"/>
      <line num="41" type="stmt" count="3"/>
      <line num="42" type="stmt" count="3"/>
      <line num="43" type="stmt" count="3"/>
      <line num="50" type="method" name="getName" visibility="public" complexity="1" crap="2" count="0"/>
      <line num="52" type="stmt" count="0"/>
      <line num="60" type="method" name="setName" visibility="public" complexity="1" crap="1" count="3"/>
      <line num="62" type="stmt" count="3"/>
      <line num="64" type="stmt" count="3"/>
      <line num="71" type="method" name="getCategory" visibility="public" complexity="1" crap="2" count="0"/>
      <line num="73" type="stmt" count="0"/>
      <line num="81" type="method" name="setCategory" visibility="public" complexity="1" crap="2" count="0"/>
      <line num="83" type="stmt" count="0"/>
      <line num="84" type="stmt" count="0"/>
      <line num="86" type="stmt" count="0"/>
      <line num="93" type="method" name="getQuantity" visibility="public" complexity="1" crap="2" count="0"/>
      <line num="95" type="stmt" count="0"/>
      <line num="103" type="method" name="setQuantity" visibility="public" complexity="1" crap="1" count="3"/>
      <line num="105" type="stmt" count="3"/>
      <line num="107" type="stmt" count="3"/>
      <line num="114" type="method" name="getProductId" visibility="public" complexity="1" crap="2" count="0"/>
      <line num="116" type="stmt" count="0"/>
      <line num="124" type="method" name="setProductId" visibility="public" complexity="1" crap="2" count="0"/>
      <line num="126" type="stmt" count="0"/>
      <line num="127" type="stmt" count="0"/>
      <line num="129" type="stmt" count="0"/>
      <line num="136" type="method" name="getUnitPrice" visibility="public" complexity="1" crap="2" count="0"/>
      <line num="138" type="stmt" count="0"/>
      <line num="146" type="method" name="setUnitPrice" visibility="public" complexity="3" crap="3.07" count="3"/>
      <line num="148" type="stmt" count="3"/>
      <line num="149" type="stmt" count="3"/>
      <line num="150" type="stmt" count="0"/>
      <line num="152" type="stmt" count="3"/>
      <line num="153" type="stmt" count="3"/>
      <metrics loc="155" ncloc="85" classes="1" methods="11" coveredmethods="3" conditionals="0" coveredconditionals="0" statements="23" coveredstatements="11" elements="34" coveredelements="14"/>
    </file>
    <file name="/mnt/3CA6FA93A6FA4D40/projects/backend/robosoft/paypayopa-sdk-php/src/Models/RefundPaymentPayload.php">
      <class name="PayPay\OpenPaymentAPI\Models\RefundPaymentPayload" namespace="global">
        <metrics complexity="14" methods="11" coveredmethods="4" conditionals="0" coveredconditionals="0" statements="24" coveredstatements="15" elements="35" coveredelements="19"/>
      </class>
      <line num="41" type="method" name="__construct" visibility="public" complexity="1" crap="1" count="1"/>
      <line num="43" type="stmt" count="1"/>
      <line num="44" type="stmt" count="1"/>
      <line num="45" type="stmt" count="1"/>
      <line num="46" type="stmt" count="1"/>
      <line num="47" type="stmt" count="1"/>
      <line num="53" type="method" name="getMerchantRefundId" visibility="public" complexity="1" crap="2" count="0"/>
      <line num="55" type="stmt" count="0"/>
      <line num="63" type="method" name="setMerchantRefundId" visibility="public" complexity="1" crap="1" count="1"/>
      <line num="65" type="stmt" count="1"/>
      <line num="67" type="stmt" count="1"/>
      <line num="74" type="method" name="getPaymentId" visibility="public" complexity="1" crap="2" count="0"/>
      <line num="76" type="stmt" count="0"/>
      <line num="84" type="method" name="setPaymentId" visibility="public" complexity="1" crap="1" count="1"/>
      <line num="86" type="stmt" count="1"/>
      <line num="88" type="stmt" count="1"/>
      <line num="95" type="method" name="getAmount" visibility="public" complexity="1" crap="2" count="0"/>
      <line num="97" type="stmt" count="0"/>
      <line num="105" type="method" name="setAmount" visibility="public" complexity="3" crap="3.14" count="1"/>
      <line num="107" type="stmt" count="1"/>
      <line num="108" type="stmt" count="0"/>
      <line num="111" type="stmt" count="1"/>
      <line num="113" type="stmt" count="1"/>
      <line num="121" type="method" name="getRequestedAt" visibility="public" complexity="1" crap="2" count="0"/>
      <line num="123" type="stmt" count="0"/>
      <line num="131" type="method" name="setRequestedAt" visibility="public" complexity="2" crap="2" count="1"/>
      <line num="133" type="stmt" count="1"/>
      <line num="134" type="stmt" count="1"/>
      <line num="135" type="stmt" count="1"/>
      <line num="141" type="method" name="getReason" visibility="public" complexity="1" crap="2" count="0"/>
      <line num="143" type="stmt" count="0"/>
      <line num="151" type="method" name="setReason" visibility="public" complexity="1" crap="2" count="0"/>
      <line num="153" type="stmt" count="0"/>
      <line num="154" type="stmt" count="0"/>
      <line num="156" type="stmt" count="0"/>
      <metrics loc="158" ncloc="88" classes="1" methods="11" coveredmethods="4" conditionals="0" coveredconditionals="0" statements="24" coveredstatements="15" elements="35" coveredelements="19"/>
    </file>
    <file name="/mnt/3CA6FA93A6FA4D40/projects/backend/robosoft/paypayopa-sdk-php/src/Models/userAuthInfo.php">
      <class name="PayPay\OpenPaymentAPI\Models\UserAuthUrlInfo" namespace="global">
        <metrics complexity="5" methods="5" coveredmethods="0" conditionals="0" coveredconditionals="0" statements="12" coveredstatements="0" elements="17" coveredelements="0"/>
      </class>
      <line num="53" type="method" name="__construct" visibility="public" complexity="1" crap="2" count="0"/>
      <line num="55" type="stmt" count="0"/>
      <line num="56" type="stmt" count="0"/>
      <line num="57" type="stmt" count="0"/>
      <line num="58" type="stmt" count="0"/>
      <line num="59" type="stmt" count="0"/>
      <line num="60" type="stmt" count="0"/>
      <line num="68" type="method" name="serialize" visibility="public" complexity="1" crap="2" count="0"/>
      <line num="70" type="stmt" count="0"/>
      <line num="78" type="method" name="setDeviceId" visibility="public" complexity="1" crap="2" count="0"/>
      <line num="80" type="stmt" count="0"/>
      <line num="82" type="stmt" count="0"/>
      <line num="90" type="method" name="setPhoneNumber" visibility="public" complexity="1" crap="2" count="0"/>
      <line num="92" type="stmt" count="0"/>
      <line num="94" type="stmt" count="0"/>
      <line num="101" type="method" name="getNonce" visibility="public" complexity="1" crap="2" count="0"/>
      <line num="103" type="stmt" count="0"/>
      <metrics loc="105" ncloc="51" classes="1" methods="5" coveredmethods="0" conditionals="0" coveredconditionals="0" statements="12" coveredstatements="0" elements="17" coveredelements="0"/>
    </file>
    <file name="/mnt/3CA6FA93A6FA4D40/projects/backend/robosoft/paypayopa-sdk-php/src/Models/CreatePaymentPayload.php">
      <class name="PayPay\OpenPaymentAPI\Models\CreatePaymentPayload" namespace="global">
        <metrics complexity="5" methods="3" coveredmethods="1" conditionals="0" coveredconditionals="0" statements="11" coveredstatements="5" elements="14" coveredelements="6"/>
      </class>
      <line num="17" type="method" name="__construct" visibility="public" complexity="1" crap="1" count="1"/>
      <line num="19" type="stmt" count="1"/>
      <line num="20" type="stmt" count="1"/>
      <line num="21" type="stmt" count="1"/>
      <line num="22" type="stmt" count="1"/>
      <line num="23" type="stmt" count="1"/>
      <line num="30" type="method" name="getProductType" visibility="public" complexity="1" crap="2" count="0"/>
      <line num="32" type="stmt" count="0"/>
      <line num="40" type="method" name="setProductType" visibility="public" complexity="3" crap="12" count="0"/>
      <line num="42" type="stmt" count="0"/>
      <line num="43" type="stmt" count="0"/>
      <line num="44" type="stmt" count="0"/>
      <line num="46" type="stmt" count="0"/>
      <line num="48" type="stmt" count="0"/>
      <metrics loc="50" ncloc="35" classes="1" methods="3" coveredmethods="1" conditionals="0" coveredconditionals="0" statements="11" coveredstatements="5" elements="14" coveredelements="6"/>
    </file>
    <file name="/mnt/3CA6FA93A6FA4D40/projects/backend/robosoft/paypayopa-sdk-php/src/Models/MasterPayload.php">
      <class name="MasterPayload" namespace="global">
        <metrics complexity="30" methods="23" coveredmethods="0" conditionals="0" coveredconditionals="0" statements="51" coveredstatements="0" elements="74" coveredelements="0"/>
      </class>
      <line num="81" type="method" name="useFields" visibility="public" complexity="1" crap="2" count="0"/>
      <line num="84" type="stmt" count="0"/>
      <line num="90" type="method" name="getProductType" visibility="public" complexity="1" crap="2" count="0"/>
      <line num="92" type="stmt" count="0"/>
      <line num="100" type="method" name="setProductType" visibility="public" complexity="3" crap="12" count="0"/>
      <line num="102" type="stmt" count="0"/>
      <line num="103" type="stmt" count="0"/>
      <line num="104" type="stmt" count="0"/>
      <line num="106" type="stmt" count="0"/>
      <line num="108" type="stmt" count="0"/>
      <line num="115" type="method" name="getMetadata" visibility="public" complexity="1" crap="2" count="0"/>
      <line num="117" type="stmt" count="0"/>
      <line num="125" type="method" name="setMetadata" visibility="public" complexity="1" crap="2" count="0"/>
      <line num="127" type="stmt" count="0"/>
      <line num="128" type="stmt" count="0"/>
      <line num="130" type="stmt" count="0"/>
      <line num="137" type="method" name="getOrderItems" visibility="public" complexity="1" crap="2" count="0"/>
      <line num="139" type="stmt" count="0"/>
      <line num="147" type="method" name="setOrderItems" visibility="public" complexity="3" crap="12" count="0"/>
      <line num="149" type="stmt" count="0"/>
      <line num="150" type="stmt" count="0"/>
      <line num="151" type="stmt" count="0"/>
      <line num="152" type="stmt" count="0"/>
      <line num="153" type="stmt" count="0"/>
      <line num="155" type="stmt" count="0"/>
      <line num="158" type="stmt" count="0"/>
      <line num="160" type="stmt" count="0"/>
      <line num="166" type="method" name="getOrderDescription" visibility="public" complexity="1" crap="2" count="0"/>
      <line num="168" type="stmt" count="0"/>
      <line num="176" type="method" name="setOrderDescription" visibility="public" complexity="1" crap="2" count="0"/>
      <line num="178" type="stmt" count="0"/>
      <line num="179" type="stmt" count="0"/>
      <line num="181" type="stmt" count="0"/>
      <line num="188" type="method" name="getOrderReceiptNumber" visibility="public" complexity="1" crap="2" count="0"/>
      <line num="190" type="stmt" count="0"/>
      <line num="198" type="method" name="setOrderReceiptNumber" visibility="public" complexity="1" crap="2" count="0"/>
      <line num="200" type="stmt" count="0"/>
      <line num="201" type="stmt" count="0"/>
      <line num="203" type="stmt" count="0"/>
      <line num="210" type="method" name="getTerminalId" visibility="public" complexity="1" crap="2" count="0"/>
      <line num="212" type="stmt" count="0"/>
      <line num="220" type="method" name="setTerminalId" visibility="public" complexity="1" crap="2" count="0"/>
      <line num="222" type="stmt" count="0"/>
      <line num="223" type="stmt" count="0"/>
      <line num="225" type="stmt" count="0"/>
      <line num="232" type="method" name="getStoreId" visibility="public" complexity="1" crap="2" count="0"/>
      <line num="234" type="stmt" count="0"/>
      <line num="242" type="method" name="setStoreId" visibility="public" complexity="1" crap="2" count="0"/>
      <line num="244" type="stmt" count="0"/>
      <line num="245" type="stmt" count="0"/>
      <line num="247" type="stmt" count="0"/>
      <line num="254" type="method" name="getRequestedAt" visibility="public" complexity="1" crap="2" count="0"/>
      <line num="256" type="stmt" count="0"/>
      <line num="264" type="method" name="setRequestedAt" visibility="public" complexity="2" crap="6" count="0"/>
      <line num="266" type="stmt" count="0"/>
      <line num="268" type="stmt" count="0"/>
      <line num="269" type="stmt" count="0"/>
      <line num="275" type="method" name="getAmount" visibility="public" complexity="1" crap="2" count="0"/>
      <line num="277" type="stmt" count="0"/>
      <line num="285" type="method" name="setAmount" visibility="public" complexity="3" crap="12" count="0"/>
      <line num="287" type="stmt" count="0"/>
      <line num="288" type="stmt" count="0"/>
      <line num="291" type="stmt" count="0"/>
      <line num="293" type="stmt" count="0"/>
      <line num="301" type="method" name="getUserAuthorizationId" visibility="public" complexity="1" crap="2" count="0"/>
      <line num="303" type="stmt" count="0"/>
      <line num="311" type="method" name="setUserAuthorizationId" visibility="public" complexity="1" crap="2" count="0"/>
      <line num="313" type="stmt" count="0"/>
      <line num="315" type="stmt" count="0"/>
      <line num="322" type="method" name="getMerchantPaymentId" visibility="public" complexity="1" crap="2" count="0"/>
      <line num="324" type="stmt" count="0"/>
      <line num="333" type="method" name="setMerchantPaymentId" visibility="public" complexity="1" crap="2" count="0"/>
      <line num="335" type="stmt" count="0"/>
      <line num="337" type="stmt" count="0"/>
      <metrics loc="340" ncloc="178" classes="1" methods="23" coveredmethods="0" conditionals="0" coveredconditionals="0" statements="51" coveredstatements="0" elements="74" coveredelements="0"/>
    </file>
    <file name="/mnt/3CA6FA93A6FA4D40/projects/backend/robosoft/paypayopa-sdk-php/src/Models/AccountLinkPayload.php">
      <class name="PayPay\OpenPaymentAPI\Models\AccountLinkPayload" namespace="global">
        <metrics complexity="19" methods="17" coveredmethods="0" conditionals="0" coveredconditionals="0" statements="40" coveredstatements="0" elements="57" coveredelements="0"/>
      </class>
      <line num="56" type="method" name="__construct" visibility="public" complexity="1" crap="2" count="0"/>
      <line num="58" type="stmt" count="0"/>
      <line num="59" type="stmt" count="0"/>
      <line num="60" type="stmt" count="0"/>
      <line num="61" type="stmt" count="0"/>
      <line num="62" type="stmt" count="0"/>
      <line num="63" type="stmt" count="0"/>
      <line num="69" type="method" name="getScopes" visibility="public" complexity="1" crap="2" count="0"/>
      <line num="71" type="stmt" count="0"/>
      <line num="79" type="method" name="setScopes" visibility="public" complexity="2" crap="6" count="0"/>
      <line num="82" type="stmt" count="0"/>
      <line num="99" type="stmt" count="0"/>
      <line num="100" type="stmt" count="0"/>
      <line num="101" type="stmt" count="0"/>
      <line num="103" type="stmt" count="0"/>
      <line num="105" type="stmt" count="0"/>
      <line num="113" type="method" name="getNonce" visibility="public" complexity="1" crap="2" count="0"/>
      <line num="115" type="stmt" count="0"/>
      <line num="122" type="method" name="setNonce" visibility="public" complexity="1" crap="2" count="0"/>
      <line num="124" type="stmt" count="0"/>
      <line num="126" type="stmt" count="0"/>
      <line num="133" type="method" name="getRedirectType" visibility="public" complexity="1" crap="2" count="0"/>
      <line num="135" type="stmt" count="0"/>
      <line num="144" type="method" name="setRedirectType" visibility="public" complexity="2" crap="6" count="0"/>
      <line num="146" type="stmt" count="0"/>
      <line num="147" type="stmt" count="0"/>
      <line num="150" type="stmt" count="0"/>
      <line num="151" type="stmt" count="0"/>
      <line num="153" type="stmt" count="0"/>
      <line num="160" type="method" name="getRedirectUrl" visibility="public" complexity="1" crap="2" count="0"/>
      <line num="162" type="stmt" count="0"/>
      <line num="171" type="method" name="setRedirectUrl" visibility="public" complexity="1" crap="2" count="0"/>
      <line num="173" type="stmt" count="0"/>
      <line num="175" type="stmt" count="0"/>
      <line num="182" type="method" name="getReferenceId" visibility="public" complexity="1" crap="2" count="0"/>
      <line num="184" type="stmt" count="0"/>
      <line num="192" type="method" name="setReferenceId" visibility="public" complexity="1" crap="2" count="0"/>
      <line num="194" type="stmt" count="0"/>
      <line num="196" type="stmt" count="0"/>
      <line num="203" type="method" name="getPhoneNumber" visibility="public" complexity="1" crap="2" count="0"/>
      <line num="205" type="stmt" count="0"/>
      <line num="213" type="method" name="setPhoneNumber" visibility="public" complexity="1" crap="2" count="0"/>
      <line num="215" type="stmt" count="0"/>
      <line num="216" type="stmt" count="0"/>
      <line num="217" type="stmt" count="0"/>
      <line num="224" type="method" name="getDeviceId" visibility="public" complexity="1" crap="2" count="0"/>
      <line num="226" type="stmt" count="0"/>
      <line num="234" type="method" name="setDeviceId" visibility="public" complexity="1" crap="2" count="0"/>
      <line num="236" type="stmt" count="0"/>
      <line num="237" type="stmt" count="0"/>
      <line num="239" type="stmt" count="0"/>
      <line num="246" type="method" name="getUserAgent" visibility="public" complexity="1" crap="2" count="0"/>
      <line num="248" type="stmt" count="0"/>
      <line num="256" type="method" name="setUserAgent" visibility="public" complexity="1" crap="2" count="0"/>
      <line num="258" type="stmt" count="0"/>
      <line num="259" type="stmt" count="0"/>
      <line num="261" type="stmt" count="0"/>
      <metrics loc="263" ncloc="150" classes="1" methods="17" coveredmethods="0" conditionals="0" coveredconditionals="0" statements="40" coveredstatements="0" elements="57" coveredelements="0"/>
    </file>
    <file name="/mnt/3CA6FA93A6FA4D40/projects/backend/robosoft/paypayopa-sdk-php/src/Models/RevertAuthPayload.php">
      <class name="PayPay\OpenPaymentAPI\Models\RevertAuthPayload" namespace="global">
        <metrics complexity="10" methods="9" coveredmethods="4" conditionals="0" coveredconditionals="0" statements="18" coveredstatements="11" elements="27" coveredelements="15"/>
      </class>
      <line num="34" type="method" name="__construct" visibility="public" complexity="1" crap="1" count="1"/>
      <line num="36" type="stmt" count="1"/>
      <line num="37" type="stmt" count="1"/>
      <line num="38" type="stmt" count="1"/>
      <line num="39" type="stmt" count="1"/>
      <line num="46" type="method" name="getMerchantRevertId" visibility="public" complexity="1" crap="2" count="0"/>
      <line num="48" type="stmt" count="0"/>
      <line num="56" type="method" name="setMerchantRevertId" visibility="public" complexity="1" crap="1" count="1"/>
      <line num="58" type="stmt" count="1"/>
      <line num="60" type="stmt" count="1"/>
      <line num="67" type="method" name="getPaymentId" visibility="public" complexity="1" crap="2" count="0"/>
      <line num="69" type="stmt" count="0"/>
      <line num="77" type="method" name="setPaymentId" visibility="public" complexity="1" crap="1" count="1"/>
      <line num="79" type="stmt" count="1"/>
      <line num="81" type="stmt" count="1"/>
      <line num="88" type="method" name="getRequestedAt" visibility="public" complexity="1" crap="2" count="0"/>
      <line num="90" type="stmt" count="0"/>
      <line num="98" type="method" name="setRequestedAt" visibility="public" complexity="2" crap="2" count="1"/>
      <line num="100" type="stmt" count="1"/>
      <line num="102" type="stmt" count="1"/>
      <line num="103" type="stmt" count="1"/>
      <line num="110" type="method" name="getReason" visibility="public" complexity="1" crap="2" count="0"/>
      <line num="112" type="stmt" count="0"/>
      <line num="120" type="method" name="setReason" visibility="public" complexity="1" crap="2" count="0"/>
      <line num="122" type="stmt" count="0"/>
      <line num="123" type="stmt" count="0"/>
      <line num="125" type="stmt" count="0"/>
      <metrics loc="127" ncloc="70" classes="1" methods="9" coveredmethods="4" conditionals="0" coveredconditionals="0" statements="18" coveredstatements="11" elements="27" coveredelements="15"/>
    </file>
    <file name="/mnt/3CA6FA93A6FA4D40/projects/backend/robosoft/paypayopa-sdk-php/src/Models/CreateQrCodePayload.php">
      <class name="PayPay\OpenPaymentAPI\Models\CreateQrCodePayload" namespace="global">
        <metrics complexity="17" methods="15" coveredmethods="2" conditionals="0" coveredconditionals="0" statements="33" coveredstatements="6" elements="48" coveredelements="8"/>
      </class>
      <line num="55" type="method" name="__construct" visibility="public" complexity="1" crap="1" count="3"/>
      <line num="57" type="stmt" count="3"/>
      <line num="58" type="stmt" count="3"/>
      <line num="59" type="stmt" count="3"/>
      <line num="60" type="stmt" count="3"/>
      <line num="66" type="method" name="getCodeType" visibility="public" complexity="1" crap="2" count="0"/>
      <line num="68" type="stmt" count="0"/>
      <line num="76" type="method" name="setCodeType" visibility="public" complexity="1" crap="1" count="3"/>
      <line num="78" type="stmt" count="3"/>
      <line num="80" type="stmt" count="3"/>
      <line num="87" type="method" name="getStoreInfo" visibility="public" complexity="1" crap="2" count="0"/>
      <line num="89" type="stmt" count="0"/>
      <line num="97" type="method" name="setStoreInfo" visibility="public" complexity="1" crap="2" count="0"/>
      <line num="99" type="stmt" count="0"/>
      <line num="100" type="stmt" count="0"/>
      <line num="101" type="stmt" count="0"/>
      <line num="110" type="method" name="getRedirectUrl" visibility="public" complexity="1" crap="2" count="0"/>
      <line num="112" type="stmt" count="0"/>
      <line num="120" type="method" name="setRedirectUrl" visibility="public" complexity="1" crap="2" count="0"/>
      <line num="122" type="stmt" count="0"/>
      <line num="123" type="stmt" count="0"/>
      <line num="125" type="stmt" count="0"/>
      <line num="132" type="method" name="getRedirectType" visibility="public" complexity="1" crap="2" count="0"/>
      <line num="134" type="stmt" count="0"/>
      <line num="142" type="method" name="setRedirectType" visibility="public" complexity="3" crap="12" count="0"/>
      <line num="144" type="stmt" count="0"/>
      <line num="145" type="stmt" count="0"/>
      <line num="146" type="stmt" count="0"/>
      <line num="147" type="stmt" count="0"/>
      <line num="149" type="stmt" count="0"/>
      <line num="157" type="method" name="getUserAgent" visibility="public" complexity="1" crap="2" count="0"/>
      <line num="159" type="stmt" count="0"/>
      <line num="167" type="method" name="setUserAgent" visibility="public" complexity="1" crap="2" count="0"/>
      <line num="169" type="stmt" count="0"/>
      <line num="170" type="stmt" count="0"/>
      <line num="172" type="stmt" count="0"/>
      <line num="179" type="method" name="getIsAuthorization" visibility="public" complexity="1" crap="2" count="0"/>
      <line num="181" type="stmt" count="0"/>
      <line num="189" type="method" name="setIsAuthorization" visibility="public" complexity="1" crap="2" count="0"/>
      <line num="191" type="stmt" count="0"/>
      <line num="192" type="stmt" count="0"/>
      <line num="194" type="stmt" count="0"/>
      <line num="201" type="method" name="getAuthorizationExpiry" visibility="public" complexity="1" crap="2" count="0"/>
      <line num="203" type="stmt" count="0"/>
      <line num="211" type="method" name="setAuthorizationExpiry" visibility="public" complexity="1" crap="2" count="0"/>
      <line num="213" type="stmt" count="0"/>
      <line num="214" type="stmt" count="0"/>
      <line num="216" type="stmt" count="0"/>
      <metrics loc="218" ncloc="120" classes="1" methods="15" coveredmethods="2" conditionals="0" coveredconditionals="0" statements="33" coveredstatements="6" elements="48" coveredelements="8"/>
    </file>
    <file name="/mnt/3CA6FA93A6FA4D40/projects/backend/robosoft/paypayopa-sdk-php/src/Models/BasePaymentInfo.php">
      <class name="PayPay\OpenPaymentAPI\Models\BasePaymentInfo" namespace="global">
        <metrics complexity="20" methods="15" coveredmethods="3" conditionals="0" coveredconditionals="0" statements="36" coveredstatements="16" elements="51" coveredelements="19"/>
      </class>
      <line num="59" type="method" name="getMetadata" visibility="public" complexity="1" crap="2" count="0"/>
      <line num="61" type="stmt" count="0"/>
      <line num="69" type="method" name="setMetadata" visibility="public" complexity="1" crap="2" count="0"/>
      <line num="71" type="stmt" count="0"/>
      <line num="72" type="stmt" count="0"/>
      <line num="74" type="stmt" count="0"/>
      <line num="81" type="method" name="setOrderItems" visibility="public" complexity="3" crap="3.02" count="3"/>
      <line num="83" type="stmt" count="3"/>
      <line num="84" type="stmt" count="3"/>
      <line num="85" type="stmt" count="3"/>
      <line num="86" type="stmt" count="3"/>
      <line num="87" type="stmt" count="0"/>
      <line num="89" type="stmt" count="3"/>
      <line num="92" type="stmt" count="3"/>
      <line num="94" type="stmt" count="3"/>
      <line num="100" type="method" name="getOrderDescription" visibility="public" complexity="1" crap="2" count="0"/>
      <line num="102" type="stmt" count="0"/>
      <line num="110" type="method" name="setOrderDescription" visibility="public" complexity="1" crap="2" count="0"/>
      <line num="112" type="stmt" count="0"/>
      <line num="113" type="stmt" count="0"/>
      <line num="115" type="stmt" count="0"/>
      <line num="121" type="method" name="getTerminalId" visibility="public" complexity="1" crap="2" count="0"/>
      <line num="123" type="stmt" count="0"/>
      <line num="131" type="method" name="setTerminalId" visibility="public" complexity="1" crap="2" count="0"/>
      <line num="133" type="stmt" count="0"/>
      <line num="134" type="stmt" count="0"/>
      <line num="136" type="stmt" count="0"/>
      <line num="142" type="method" name="getStoreId" visibility="public" complexity="1" crap="2" count="0"/>
      <line num="144" type="stmt" count="0"/>
      <line num="152" type="method" name="setStoreId" visibility="public" complexity="1" crap="2" count="0"/>
      <line num="154" type="stmt" count="0"/>
      <line num="155" type="stmt" count="0"/>
      <line num="157" type="stmt" count="0"/>
      <line num="163" type="method" name="getRequestedAt" visibility="public" complexity="1" crap="2" count="0"/>
      <line num="165" type="stmt" count="0"/>
      <line num="173" type="method" name="setRequestedAt" visibility="public" complexity="2" crap="2" count="4"/>
      <line num="175" type="stmt" count="4"/>
      <line num="177" type="stmt" count="4"/>
      <line num="178" type="stmt" count="4"/>
      <line num="184" type="method" name="getAmount" visibility="public" complexity="1" crap="2" count="0"/>
      <line num="186" type="stmt" count="0"/>
      <line num="194" type="method" name="setAmount" visibility="public" complexity="3" crap="3.14" count="7"/>
      <line num="196" type="stmt" count="7"/>
      <line num="197" type="stmt" count="0"/>
      <line num="200" type="stmt" count="7"/>
      <line num="202" type="stmt" count="7"/>
      <line num="208" type="method" name="getMerchantPaymentId" visibility="public" complexity="1" crap="1" count="3"/>
      <line num="210" type="stmt" count="3"/>
      <line num="219" type="method" name="setMerchantPaymentId" visibility="public" complexity="1" crap="1" count="7"/>
      <line num="221" type="stmt" count="7"/>
      <line num="223" type="stmt" count="7"/>
      <metrics loc="225" ncloc="116" classes="1" methods="15" coveredmethods="3" conditionals="0" coveredconditionals="0" statements="36" coveredstatements="16" elements="51" coveredelements="19"/>
    </file>
    <file name="/mnt/3CA6FA93A6FA4D40/projects/backend/robosoft/paypayopa-sdk-php/src/Models/BasePaymentPayload.php">
      <class name="PayPay\OpenPaymentAPI\Models\BasePaymentPayload" namespace="global">
        <metrics complexity="4" methods="4" coveredmethods="1" conditionals="0" coveredconditionals="0" statements="7" coveredstatements="2" elements="11" coveredelements="3"/>
      </class>
      <line num="28" type="method" name="getOrderReceiptNumber" visibility="public" complexity="1" crap="2" count="0"/>
      <line num="30" type="stmt" count="0"/>
      <line num="38" type="method" name="setOrderReceiptNumber" visibility="public" complexity="1" crap="2" count="0"/>
      <line num="40" type="stmt" count="0"/>
      <line num="41" type="stmt" count="0"/>
      <line num="43" type="stmt" count="0"/>
      <line num="50" type="method" name="getUserAuthorizationId" visibility="public" complexity="1" crap="2" count="0"/>
      <line num="52" type="stmt" count="0"/>
      <line num="60" type="method" name="setUserAuthorizationId" visibility="public" complexity="1" crap="1" count="4"/>
      <line num="62" type="stmt" count="4"/>
      <line num="64" type="stmt" count="4"/>
      <metrics loc="66" ncloc="38" classes="1" methods="4" coveredmethods="1" conditionals="0" coveredconditionals="0" statements="7" coveredstatements="2" elements="11" coveredelements="3"/>
    </file>
    <file name="/mnt/3CA6FA93A6FA4D40/projects/backend/robosoft/paypayopa-sdk-php/src/core/Controller.php">
      <class name="PayPay\OpenPaymentAPI\Controller\ClientControllerException" namespace="global">
        <metrics complexity="0" methods="0" coveredmethods="0" conditionals="0" coveredconditionals="0" statements="0" coveredstatements="0" elements="0" coveredelements="0"/>
      </class>
      <class name="PayPay\OpenPaymentAPI\Controller\Controller" namespace="global">
        <metrics complexity="9" methods="5" coveredmethods="3" conditionals="0" coveredconditionals="0" statements="29" coveredstatements="23" elements="34" coveredelements="26"/>
      </class>
      <line num="41" type="method" name="__construct" visibility="public" complexity="1" crap="2" count="0"/>
      <line num="43" type="stmt" count="0"/>
      <line num="44" type="stmt" count="0"/>
      <line num="45" type="stmt" count="0"/>
      <line num="46" type="stmt" count="0"/>
      <line num="52" type="stmt" count="0"/>
      <line num="62" type="method" name="HmacCallOpts" visibility="protected" complexity="1" crap="1" count="11"/>
      <line num="64" type="stmt" count="11"/>
      <line num="65" type="stmt" count="11"/>
      <line num="66" type="stmt" count="11"/>
      <line num="74" type="stmt" count="11"/>
      <line num="76" type="stmt" count="11"/>
      <line num="77" type="stmt" count="11"/>
      <line num="80" type="stmt" count="11"/>
      <line num="87" type="method" name="main" visibility="protected" complexity="1" crap="1" count="11"/>
      <line num="89" type="stmt" count="11"/>
      <line num="98" type="method" name="payloadTypeCheck" visibility="protected" complexity="2" crap="2.15" count="3"/>
      <line num="99" type="stmt" count="3"/>
      <line num="100" type="stmt" count="0"/>
      <line num="102" type="stmt" count="3"/>
      <line num="112" type="method" name="doCall" visibility="protected" complexity="4" crap="4" count="9"/>
      <line num="113" type="stmt" count="9"/>
      <line num="114" type="stmt" count="9"/>
      <line num="115" type="stmt" count="9"/>
      <line num="116" type="stmt" count="7"/>
      <line num="117" type="stmt" count="7"/>
      <line num="119" type="stmt" count="7"/>
      <line num="120" type="stmt" count="7"/>
      <line num="121" type="stmt" count="7"/>
      <line num="125" type="stmt" count="9"/>
      <line num="126" type="stmt" count="7"/>
      <line num="127" type="stmt" count="7"/>
      <line num="129" type="stmt" count="7"/>
      <line num="133" type="stmt" count="9"/>
      <metrics loc="136" ncloc="80" classes="1" methods="5" coveredmethods="3" conditionals="0" coveredconditionals="0" statements="29" coveredstatements="23" elements="34" coveredelements="26"/>
    </file>
    <file name="/mnt/3CA6FA93A6FA4D40/projects/backend/robosoft/paypayopa-sdk-php/src/core/Model.php">
      <class name="PayPay\OpenPaymentAPI\Models\ModelException" namespace="global">
        <metrics complexity="1" methods="1" coveredmethods="0" conditionals="0" coveredconditionals="0" statements="3" coveredstatements="0" elements="4" coveredelements="0"/>
      </class>
      <class name="PayPay\OpenPaymentAPI\Models\Model" namespace="global">
        <metrics complexity="14" methods="3" coveredmethods="2" conditionals="0" coveredconditionals="0" statements="24" coveredstatements="18" elements="27" coveredelements="20"/>
      </class>
      <line num="24" type="method" name="__construct" visibility="public" complexity="1" crap="2" count="0"/>
      <line num="26" type="stmt" count="0"/>
      <line num="27" type="stmt" count="0"/>
      <line num="28" type="stmt" count="0"/>
      <line num="44" type="method" name="_memberize" visibility="protected" complexity="1" crap="1" count="7"/>
      <line num="46" type="stmt" count="7"/>
      <line num="47" type="stmt" count="7"/>
      <line num="54" type="method" name="validate" visibility="public" complexity="11" crap="17.38" count="7"/>
      <line num="56" type="stmt" count="7"/>
      <line num="57" type="stmt" count="7"/>
      <line num="58" type="stmt" count="7"/>
      <line num="59" type="stmt" count="7"/>
      <line num="60" type="stmt" count="7"/>
      <line num="61" type="stmt" count="0"/>
      <line num="63" type="stmt" count="7"/>
      <line num="64" type="stmt" count="7"/>
      <line num="65" type="stmt" count="0"/>
      <line num="67" type="stmt" count="7"/>
      <line num="68" type="stmt" count="0"/>
      <line num="72" type="stmt" count="7"/>
      <line num="73" type="stmt" count="0"/>
      <line num="74" type="stmt" count="0"/>
      <line num="76" type="stmt" count="0"/>
      <line num="78" type="stmt" count="7"/>
      <line num="85" type="method" name="serialize" visibility="public" complexity="2" crap="2" count="7"/>
      <line num="87" type="stmt" count="7"/>
      <line num="88" type="stmt" count="7"/>
      <line num="89" type="stmt" count="7"/>
      <line num="90" type="stmt" count="7"/>
      <line num="91" type="stmt" count="7"/>
      <line num="93" type="stmt" count="7"/>
      <metrics loc="95" ncloc="61" classes="2" methods="4" coveredmethods="2" conditionals="0" coveredconditionals="0" statements="27" coveredstatements="18" elements="31" coveredelements="20"/>
    </file>
    <file name="/mnt/3CA6FA93A6FA4D40/projects/backend/robosoft/paypayopa-sdk-php/src/helpers/utility_hmac.php">
      <line num="15" type="stmt" count="11"/>
      <line num="16" type="stmt" count="11"/>
      <line num="17" type="stmt" count="11"/>
      <line num="18" type="stmt" count="11"/>
      <line num="35" type="stmt" count="11"/>
      <line num="36" type="stmt" count="11"/>
      <line num="37" type="stmt" count="11"/>
      <line num="38" type="stmt" count="11"/>
      <line num="39" type="stmt" count="11"/>
      <line num="42" type="stmt" count="11"/>
      <line num="43" type="stmt" count="11"/>
      <line num="44" type="stmt" count="11"/>
      <line num="45" type="stmt" count="11"/>
      <line num="47" type="stmt" count="8"/>
      <line num="49" type="stmt" count="8"/>
      <line num="51" type="stmt" count="11"/>
      <line num="52" type="stmt" count="11"/>
      <line num="56" type="stmt" count="11"/>
      <line num="57" type="stmt" count="11"/>
      <line num="58" type="stmt" count="11"/>
      <line num="59" type="stmt" count="11"/>
      <line num="61" type="stmt" count="11"/>
      <metrics loc="62" ncloc="45" classes="0" methods="0" coveredmethods="0" conditionals="0" coveredconditionals="0" statements="22" coveredstatements="22" elements="22" coveredelements="22"/>
    </file>
    <file name="/mnt/3CA6FA93A6FA4D40/projects/backend/robosoft/paypayopa-sdk-php/src/Client.php">
      <class name="PayPay\OpenPaymentAPI\ClientException" namespace="global">
        <metrics complexity="0" methods="0" coveredmethods="0" conditionals="0" coveredconditionals="0" statements="0" coveredstatements="0" elements="0" coveredelements="0"/>
      </class>
      <class name="PayPay\OpenPaymentAPI\Client" namespace="global">
        <metrics complexity="13" methods="6" coveredmethods="4" conditionals="0" coveredconditionals="0" statements="29" coveredstatements="6" elements="35" coveredelements="10"/>
      </class>
      <line num="89" type="method" name="__construct" visibility="public" complexity="7" crap="56" count="0"/>
      <line num="91" type="stmt" count="0"/>
      <line num="92" type="stmt" count="0"/>
      <line num="94" type="stmt" count="0"/>
      <line num="95" type="stmt" count="0"/>
      <line num="96" type="stmt" count="0"/>
      <line num="97" type="stmt" count="0"/>
      <line num="99" type="stmt" count="0"/>
      <line num="100" type="stmt" count="0"/>
      <line num="102" type="stmt" count="0"/>
      <line num="103" type="stmt" count="0"/>
      <line num="105" type="stmt" count="0"/>
      <line num="107" type="stmt" count="0"/>
      <line num="108" type="stmt" count="0"/>
      <line num="110" type="stmt" count="0"/>
      <line num="111" type="stmt" count="0"/>
      <line num="113" type="stmt" count="0"/>
      <line num="116" type="stmt" count="0"/>
      <line num="117" type="stmt" count="0"/>
      <line num="118" type="stmt" count="0"/>
      <line num="119" type="stmt" count="0"/>
      <line num="120" type="stmt" count="0"/>
      <line num="121" type="stmt" count="0"/>
      <line num="129" type="method" name="GetConfig" visibility="public" complexity="1" crap="1" count="3"/>
      <line num="131" type="stmt" count="3"/>
      <line num="140" type="method" name="GetEndpoint" visibility="public" complexity="1" crap="1" count="11"/>
      <line num="142" type="stmt" count="11"/>
      <line num="150" type="method" name="GetEndpointVersion" visibility="public" complexity="1" crap="1" count="1"/>
      <line num="152" type="stmt" count="1"/>
      <line num="159" type="method" name="GetMid" visibility="public" complexity="2" crap="2.15" count="11"/>
      <line num="161" type="stmt" count="11"/>
      <line num="162" type="stmt" count="11"/>
      <line num="164" type="stmt" count="0"/>
      <line num="173" type="method" name="http" visibility="public" complexity="1" crap="1" count="11"/>
      <line num="175" type="stmt" count="11"/>
      <metrics loc="177" ncloc="92" classes="1" methods="6" coveredmethods="4" conditionals="0" coveredconditionals="0" statements="29" coveredstatements="6" elements="35" coveredelements="10"/>
    </file>
    <file name="/mnt/3CA6FA93A6FA4D40/projects/backend/robosoft/paypayopa-sdk-php/src/loader.php">
      <line num="4" type="stmt" count="0"/>
      <line num="5" type="stmt" count="0"/>
      <line num="7" type="stmt" count="0"/>
      <line num="10" type="stmt" count="0"/>
      <line num="11" type="stmt" count="0"/>
      <line num="12" type="stmt" count="0"/>
      <line num="13" type="stmt" count="0"/>
      <line num="14" type="stmt" count="0"/>
      <metrics loc="15" ncloc="15" classes="0" methods="0" coveredmethods="0" conditionals="0" coveredconditionals="0" statements="8" coveredstatements="0" elements="8" coveredelements="0"/>
    </file>
    <file name="/mnt/3CA6FA93A6FA4D40/projects/backend/robosoft/paypayopa-sdk-php/src/conf/config-stg.php">
      <line num="3" type="stmt" count="0"/>
      <line num="5" type="stmt" count="0"/>
      <metrics loc="4" ncloc="4" classes="0" methods="0" coveredmethods="0" conditionals="0" coveredconditionals="0" statements="1" coveredstatements="0" elements="1" coveredelements="0"/>
    </file>
    <file name="/mnt/3CA6FA93A6FA4D40/projects/backend/robosoft/paypayopa-sdk-php/src/conf/config.php">
      <line num="3" type="stmt" count="0"/>
      <line num="5" type="stmt" count="0"/>
      <metrics loc="4" ncloc="4" classes="0" methods="0" coveredmethods="0" conditionals="0" coveredconditionals="0" statements="1" coveredstatements="0" elements="1" coveredelements="0"/>
    </file>
    <metrics files="25" loc="3003" ncloc="1773" classes="22" methods="169" coveredmethods="43" conditionals="0" coveredconditionals="0" statements="612" coveredstatements="326" elements="781" coveredelements="369"/>
  </project>
</coverage>
